<?xml version="1.0" encoding="UTF-8"?>
<!-- Generated by org.testng.reporters.JUnitReportReporter -->
<testsuite skipped="0" hostname="DESKTOP-QHJCD6D" name="com.TestCases.VerifyLoginBuyer" tests="1" failures="0" timestamp="19 Dec 2018 09:43:11 GMT" time="50.394" errors="0">
  <testcase name="buyerSignin" time="50.394" classname="com.TestCases.VerifyLoginBuyer"/>
</testsuite> <!-- com.TestCases.VerifyLoginBuyer -->
